<?xml version="1.0" encoding="UTF-8"?>
<testsuite errors="0" failures="0" name="Keywords" skipped="0" tests="1" time="0.301216">
<testcase classname="Keywords" name="Describe the research" time="0.301216">
  <system-out/>
  <system-err/>
</testcase>
  <system-out>
    <![CDATA[]]>
  </system-out>
  <system-err>
    <![CDATA[]]>
  </system-err>
</testsuite>
