<?xml version="1.0" encoding="UTF-8"?>
<testsuite errors="0" failures="0" name="Sign out" skipped="0" tests="1" time="0.082016">
<testcase classname="Sign out" name="Researcher signs out" time="0.082016">
  <system-out/>
  <system-err/>
</testcase>
  <system-out>
    <![CDATA[]]>
  </system-out>
  <system-err>
    <![CDATA[]]>
  </system-err>
</testsuite>
